[2m2025-07-14T02:20:00.075701Z[0m [[32m[1minfo     [0m] [1mLogger test successful        [0m
[2m2025-07-14T06:56:56.622648Z[0m [[32m[1minfo     [0m] [1mTool called: health_check with arguments: {}[0m
[2m2025-07-14T06:56:56.623682Z[0m [[32m[1minfo     [0m] [1mTool called: get_volume_ranking with arguments: {'market': 'ALL', 'count': 5}[0m
[2m2025-07-14T06:56:56.626757Z[0m [[32m[1minfo     [0m] [1mStarting volume ranking request[0m [36mcount[0m=[35m5[0m [36minclude_details[0m=[35mTrue[0m [36mmarket[0m=[35mALL[0m
[2m2025-07-14T06:56:56.632101Z[0m [[31m[1merror    [0m] [1mFailed to initialize API client[0m [36merror[0m=[35m'Korea Investment API key is not configured'[0m
[2m2025-07-14T06:56:56.637417Z[0m [[32m[1minfo     [0m] [1mAPI call completed            [0m [36mduration[0m=[35m0.010624[0m [36mendpoint[0m=[35mget_volume_ranking(ALL)[0m [36mevent_type[0m=[35mapi_call[0m [36msuccess[0m=[35mFalse[0m
[2m2025-07-14T06:56:56.638523Z[0m [[31m[1merror    [0m] [1mVolume ranking request failed [0m [36mcount[0m=[35m5[0m [36merror[0m=[35m'API 클라이언트 초기화 실패: Korea Investment API key is not configured'[0m [36mmarket[0m=[35mALL[0m
[2m2025-07-14T11:58:51.934847Z[0m [[32m[1minfo     [0m] [1mRedis connection established successfully[0m
[2m2025-07-14T11:58:51.948213Z[0m [[32m[1minfo     [0m] [1mRedis connection established successfully[0m
[2m2025-07-14T12:01:24.946671Z[0m [[32m[1minfo     [0m] [1mRedis connection established successfully[0m
[2m2025-07-14T12:01:24.947754Z[0m [[32m[1minfo     [0m] [1mStarting volume ranking request[0m [36mcount[0m=[35m5[0m [36minclude_details[0m=[35mTrue[0m [36mmarket[0m=[35mKOSPI[0m
[2m2025-07-14T12:01:24.950229Z[0m [[32m[1minfo     [0m] [1mAPI client initialized        [0m [36mbase_url[0m=[35mhttps://openapi.koreainvestment.com:9443[0m
[2m2025-07-14T12:01:24.950572Z[0m [[32m[1minfo     [0m] [1mAPI client initialized successfully[0m
[2m2025-07-14T12:01:24.950881Z[0m [[32m[1minfo     [0m] [1mRequesting volume ranking     [0m [36mmarket_code[0m=[35m0[0m
[2m2025-07-14T12:01:24.951259Z[0m [[32m[1minfo     [0m] [1mRequesting new access token   [0m
[2m2025-07-14T12:01:25.202329Z[0m [[32m[1minfo     [0m] [1mAPI call completed            [0m [36mduration[0m=[35m0.25063395500183105[0m [36mendpoint[0m=[35moauth2/tokenP[0m [36mevent_type[0m=[35mapi_call[0m [36msuccess[0m=[35mTrue[0m
[2m2025-07-14T12:01:25.203481Z[0m [[32m[1minfo     [0m] [1mAccess token obtained successfully[0m
[2m2025-07-14T12:01:25.331734Z[0m [[32m[1minfo     [0m] [1mAPI call completed            [0m [36mduration[0m=[35m0.1268324851989746[0m [36mendpoint[0m=[35m/uapi/domestic-stock/v1/ranking/volume-rank[0m [36mevent_type[0m=[35mapi_call[0m [36msuccess[0m=[35mFalse[0m
[2m2025-07-14T12:01:25.335620Z[0m [[32m[1minfo     [0m] [1mAPI call completed            [0m [36mduration[0m=[35m0.1308445930480957[0m [36mendpoint[0m=[35m/uapi/domestic-stock/v1/ranking/volume-rank[0m [36mevent_type[0m=[35mapi_call[0m [36msuccess[0m=[35mFalse[0m
[2m2025-07-14T12:01:25.337095Z[0m [[31m[1merror    [0m] [1mAPI request failed            [0m [36mendpoint[0m=[35m/uapi/domestic-stock/v1/ranking/volume-rank[0m [36merror[0m=[35m'API request failed: 404 - '[0m
[2m2025-07-14T12:01:25.338347Z[0m [[31m[1merror    [0m] [1mVolume ranking request failed [0m [36merror[0m=[35m'API request failed: 404 - '[0m [36mmarket_code[0m=[35m0[0m
[2m2025-07-14T12:01:25.339105Z[0m [[32m[1minfo     [0m] [1mAPI call completed            [0m [36mduration[0m=[35m0.39525[0m [36mendpoint[0m=[35mget_volume_ranking(KOSPI)[0m [36mevent_type[0m=[35mapi_call[0m [36msuccess[0m=[35mFalse[0m
[2m2025-07-14T12:01:25.339938Z[0m [[31m[1merror    [0m] [1mVolume ranking request failed [0m [36mcount[0m=[35m5[0m [36merror[0m=[35m'API request failed: 404 - '[0m [36mmarket[0m=[35mKOSPI[0m
[2m2025-07-14T12:02:04.770218Z[0m [[32m[1minfo     [0m] [1mRedis connection established successfully[0m
[2m2025-07-14T12:03:12.030211Z[0m [[32m[1minfo     [0m] [1mRedis connection established successfully[0m
[2m2025-07-14T12:13:10.198668Z[0m [[32m[1minfo     [0m] [1mStarting comprehensive health check[0m
[2m2025-07-14T12:13:10.212012Z[0m [[32m[1minfo     [0m] [1mAPI client initialized        [0m [36mbase_url[0m=[35mhttps://openapi.koreainvestment.com:9443[0m
[2m2025-07-14T12:13:10.212224Z[0m [[32m[1minfo     [0m] [1mRequesting new access token   [0m
[2m2025-07-14T12:13:10.216157Z[0m [[32m[1minfo     [0m] [1mRedis connection established successfully[0m
[2m2025-07-14T12:13:10.473807Z[0m [[32m[1minfo     [0m] [1mAPI call completed            [0m [36mduration[0m=[35m0.2611055374145508[0m [36mendpoint[0m=[35moauth2/tokenP[0m [36mevent_type[0m=[35mapi_call[0m [36msuccess[0m=[35mTrue[0m
[2m2025-07-14T12:13:10.475399Z[0m [[32m[1minfo     [0m] [1mAccess token obtained successfully[0m
[2m2025-07-14T12:13:10.478346Z[0m [[32m[1minfo     [0m] [1mHealth check completed: degraded (took 0.28s)[0m
[2m2025-07-14T12:15:39.762053Z[0m [[32m[1minfo     [0m] [1mRedis connection established successfully[0m
[2m2025-07-14T12:15:39.765083Z[0m [[32m[1minfo     [0m] [1mStarting volume ranking request[0m [36mcount[0m=[35m10[0m [36minclude_details[0m=[35mTrue[0m [36mmarket[0m=[35mKOSDAQ[0m
[2m2025-07-14T12:15:39.772526Z[0m [[32m[1minfo     [0m] [1mAPI client initialized        [0m [36mbase_url[0m=[35mhttps://openapi.koreainvestment.com:9443[0m
[2m2025-07-14T12:15:39.773724Z[0m [[32m[1minfo     [0m] [1mAPI client initialized successfully[0m
[2m2025-07-14T12:15:39.774411Z[0m [[32m[1minfo     [0m] [1mRequesting volume ranking     [0m [36mmarket_code[0m=[35m1[0m
[2m2025-07-14T12:15:39.775297Z[0m [[32m[1minfo     [0m] [1mRequesting new access token   [0m
[2m2025-07-14T12:15:40.253023Z[0m [[32m[1minfo     [0m] [1mAPI call completed            [0m [36mduration[0m=[35m0.47690773010253906[0m [36mendpoint[0m=[35moauth2/tokenP[0m [36mevent_type[0m=[35mapi_call[0m [36msuccess[0m=[35mTrue[0m
[2m2025-07-14T12:15:40.253643Z[0m [[32m[1minfo     [0m] [1mAccess token obtained successfully[0m
[2m2025-07-14T12:15:40.397330Z[0m [[32m[1minfo     [0m] [1mAPI call completed            [0m [36mduration[0m=[35m0.14234042167663574[0m [36mendpoint[0m=[35m/uapi/domestic-stock/v1/ranking/volume-rank[0m [36mevent_type[0m=[35mapi_call[0m [36msuccess[0m=[35mFalse[0m
[2m2025-07-14T12:15:40.399779Z[0m [[32m[1minfo     [0m] [1mAPI call completed            [0m [36mduration[0m=[35m0.14499711990356445[0m [36mendpoint[0m=[35m/uapi/domestic-stock/v1/ranking/volume-rank[0m [36mevent_type[0m=[35mapi_call[0m [36msuccess[0m=[35mFalse[0m
[2m2025-07-14T12:15:40.401854Z[0m [[31m[1merror    [0m] [1mAPI request failed            [0m [36mendpoint[0m=[35m/uapi/domestic-stock/v1/ranking/volume-rank[0m [36merror[0m=[35m'API request failed: 404 - '[0m
[2m2025-07-14T12:15:40.402679Z[0m [[31m[1merror    [0m] [1mVolume ranking request failed [0m [36merror[0m=[35m'API request failed: 404 - '[0m [36mmarket_code[0m=[35m1[0m
[2m2025-07-14T12:15:40.403693Z[0m [[32m[1minfo     [0m] [1mAPI call completed            [0m [36mduration[0m=[35m0.638881[0m [36mendpoint[0m=[35mget_volume_ranking(KOSDAQ)[0m [36mevent_type[0m=[35mapi_call[0m [36msuccess[0m=[35mFalse[0m
[2m2025-07-14T12:15:40.404488Z[0m [[31m[1merror    [0m] [1mVolume ranking request failed [0m [36mcount[0m=[35m10[0m [36merror[0m=[35m'API request failed: 404 - '[0m [36mmarket[0m=[35mKOSDAQ[0m
[2m2025-07-14T12:15:40.412704Z[0m [[32m[1minfo     [0m] [1mStarting comprehensive health check[0m
[2m2025-07-14T12:15:40.420393Z[0m [[32m[1minfo     [0m] [1mAPI client initialized        [0m [36mbase_url[0m=[35mhttps://openapi.koreainvestment.com:9443[0m
[2m2025-07-14T12:15:40.421347Z[0m [[32m[1minfo     [0m] [1mRequesting new access token   [0m
[2m2025-07-14T12:15:40.576255Z[0m [[32m[1minfo     [0m] [1mAPI call completed            [0m [36mduration[0m=[35m0.1538245677947998[0m [36mendpoint[0m=[35moauth2/tokenP[0m [36mevent_type[0m=[35mapi_call[0m [36msuccess[0m=[35mFalse[0m
[2m2025-07-14T12:15:40.577256Z[0m [[32m[1minfo     [0m] [1mAPI call completed            [0m [36mduration[0m=[35m0.15487885475158691[0m [36mendpoint[0m=[35moauth2/tokenP[0m [36mevent_type[0m=[35mapi_call[0m [36msuccess[0m=[35mFalse[0m
[2m2025-07-14T12:15:40.577747Z[0m [[31m[1merror    [0m] [1mToken request failed          [0m [36merror[0m=[35m'Token request failed: 403 - {"error_description":"접근토큰 발급 잠시 후 다시 시도하세요(1분당 1회)","error_code":"EGW00133"}'[0m
[2m2025-07-14T12:15:40.578305Z[0m [[33m[1mwarning  [0m] [1mAPI test call failed: Token request failed: Token request failed: 403 - {"error_description":"접근토큰 발급 잠시 후 다시 시도하세요(1분당 1회)","error_code":"EGW00133"}[0m
[2m2025-07-14T12:15:40.578798Z[0m [[32m[1minfo     [0m] [1mHealth check completed: degraded (took 0.17s)[0m
